<?xml version="1.0" encoding="UTF-8"?>
<!-- Generated by org.testng.reporters.JUnitReportReporter -->
<testsuite hostname="DESKTOP-S11MJ0H" failures="0" tests="1" name="cucumber.TestNGTestRunner" time="25.154" errors="0" timestamp="2024-02-27T00:42:15 IST" skipped="0">
  <testcase classname="cucumber.TestNGTestRunner" name="runScenario" time="25.154"/>
  <system-out/>
</testsuite> <!-- cucumber.TestNGTestRunner -->
